15:53:21 **** Incremental Build of configuration Debug for project sysservice ****
make all 
Building file: ../src/config.c
Invoking: GCC C Compiler
gcc -I"/home/xulingfeng/gateway/systemservice/project/sysservice/include" -O0 -g3 -Wall -c -fmessage-length=0 -MMD -MP -MF"src/config.d" -MT"src/config.o" -o "src/config.o" "../src/config.c"
../src/config.c: In function ‘parse_config’:
../src/config.c:16:14: warning: variable ‘config_list’ set but not used [-Wunused-but-set-variable]
  array_list *config_list = NULL;
              ^
../src/config.c:14:9: warning: unused variable ‘size’ [-Wunused-variable]
  size_t size = 0;
         ^
../src/config.c:13:8: warning: unused variable ‘data’ [-Wunused-variable]
  char *data = NULL;
        ^
Finished building: ../src/config.c
 
Building target: sysservice
Invoking: GCC C Linker
gcc  -o "sysservice"  ./src/config.o ./src/main.o   -ljson
Finished building target: sysservice
 

15:53:22 Build Finished. 0 errors, 3 warnings. (took 321ms)

